-------------------------------------------------------------------------------
Test set: Modelo.IncripcionesTest
-------------------------------------------------------------------------------
Tests run: 3, Failures: 3, Errors: 0, Skipped: 0, Time elapsed: 0.003 sec <<< FAILURE!
Modelo.IncripcionesTest.testTrueIsPosibleInscribirsePorMateriaCorrelativa()  Time elapsed: 0.003 sec  <<< FAILURE!
java.lang.NoClassDefFoundError: org/junit/Assert
	at Modelo.IncripcionesTest.testTrueIsPosibleInscribirsePorMateriaCorrelativa(IncripcionesTest.java:33)
Caused by: java.lang.ClassNotFoundException: org.junit.Assert
	at java.base/jdk.internal.loader.BuiltinClassLoader.loadClass(BuiltinClassLoader.java:641)
	at java.base/jdk.internal.loader.ClassLoaders$AppClassLoader.loadClass(ClassLoaders.java:188)
	at java.base/java.lang.ClassLoader.loadClass(ClassLoader.java:520)
	... 19 more

Modelo.IncripcionesTest.testFalseIsPosibleInscribirsePorMateriaCorrelativa()  Time elapsed: 0 sec  <<< FAILURE!
java.lang.NoClassDefFoundError: org/junit/Assert
	at Modelo.IncripcionesTest.testFalseIsPosibleInscribirsePorMateriaCorrelativa(IncripcionesTest.java:20)
Caused by: java.lang.ClassNotFoundException: org.junit.Assert
	... 19 more

Modelo.IncripcionesTest.testFalseIsPosibleInscribirse()  Time elapsed: 0 sec  <<< FAILURE!
java.lang.NoClassDefFoundError: org/junit/Assert
	at Modelo.IncripcionesTest.testFalseIsPosibleInscribirse(IncripcionesTest.java:50)
Caused by: java.lang.ClassNotFoundException: org.junit.Assert
	... 19 more

