<?xml version="1.0" encoding="UTF-8" ?>
<testsuite tests="3" failures="3" name="Modelo.IncripcionesTest" time="0.003" errors="0" skipped="0">
  <properties>
[...]
</properties>
  <testcase classname="Modelo.IncripcionesTest" name="Modelo.IncripcionesTest.testTrueIsPosibleInscribirsePorMateriaCorrelativa" time="0.003">
    <failure message="org/junit/Assert" type="java.lang.NoClassDefFoundError">java.lang.NoClassDefFoundError: org/junit/Assert
	at Modelo.IncripcionesTest.testTrueIsPosibleInscribirsePorMateriaCorrelativa(IncripcionesTest.java:33)
Caused by: java.lang.ClassNotFoundException: org.junit.Assert
	at java.base/jdk.internal.loader.BuiltinClassLoader.loadClass(BuiltinClassLoader.java:641)
	at java.base/jdk.internal.loader.ClassLoaders$AppClassLoader.loadClass(ClassLoaders.java:188)
	at java.base/java.lang.ClassLoader.loadClass(ClassLoader.java:520)
	... 19 more
</failure>
  </testcase>
  <testcase classname="Modelo.IncripcionesTest" name="Modelo.IncripcionesTest.testFalseIsPosibleInscribirsePorMateriaCorrelativa" time="0">
    <failure message="org/junit/Assert" type="java.lang.NoClassDefFoundError">java.lang.NoClassDefFoundError: org/junit/Assert
	at Modelo.IncripcionesTest.testFalseIsPosibleInscribirsePorMateriaCorrelativa(IncripcionesTest.java:20)
Caused by: java.lang.ClassNotFoundException: org.junit.Assert
	... 19 more
</failure>
  </testcase>
  <testcase classname="Modelo.IncripcionesTest" name="Modelo.IncripcionesTest.testFalseIsPosibleInscribirse" time="0">
    <failure message="org/junit/Assert" type="java.lang.NoClassDefFoundError">java.lang.NoClassDefFoundError: org/junit/Assert
	at Modelo.IncripcionesTest.testFalseIsPosibleInscribirse(IncripcionesTest.java:50)
Caused by: java.lang.ClassNotFoundException: org.junit.Assert
	... 19 more
</failure>
  </testcase>
</testsuite>